<?xml version="1.0" encoding="UTF-8"?>
<!-- Generated by org.testng.reporters.JUnitXMLReporter -->
<testsuite ignored="0" hostname="DESKTOP-5JNDLAG" failures="0" tests="8" name="Petstore Tests" time="13.282" errors="0" timestamp="2025-01-10T18:42:46 IST">
  <testcase classname="api_test.CreatePet" name="add_pet" time="3.483"/>
  <testcase classname="api_test.CreatePet" name="add_pet_InvalidID" time="1.943"/>
  <testcase classname="api_test.CreatePet" name="add_pet_InvalidPhotoURL" time="1.152"/>
  <testcase classname="api_test.UploadFile" name="validUploadFile" time="1.506"/>
  <testcase classname="api_test.PetTest" name="find_pet_by_id_also_validate_statusCode" time="1.12"/>
  <testcase classname="api_test.PetTest" name="find_pet_by_id_ando_validate_jsonResponse" time="1.32"/>
  <testcase classname="api_test.PetTest" name="find_pet_by_id_and_validate_jsonSchema" time="1.408"/>
  <testcase classname="api_test.DeletePet" name="deletePet" time="1.183"/>
</testsuite> <!-- Petstore Tests -->
