<?xml version="1.0" encoding="UTF-8"?>
<!-- Generated by org.testng.reporters.JUnitXMLReporter -->
<testsuite ignored="0" hostname="DESKTOP-5JNDLAG" failures="0" tests="11" name="Petstore Tests" time="23.478" errors="0" timestamp="2025-01-13T15:58:15 IST">
  <testcase classname="api_test.CreatePet" name="add_pet" time="3.388"/>
  <testcase classname="api_test.CreatePet" name="add_pet_InvalidID" time="1.96"/>
  <testcase classname="api_test.CreatePet" name="add_pet_InvalidPhotoURL" time="4.167"/>
  <testcase classname="api_test.UploadFile" name="validUploadFile" time="1.488"/>
  <testcase classname="api_test.PetTest" name="find_pet_by_id_also_validate_statusCode" time="1.142"/>
  <testcase classname="api_test.PetTest" name="find_pet_by_id_ando_validate_jsonResponse" time="1.28"/>
  <testcase classname="api_test.PetTest" name="find_pet_by_id_and_validate_jsonSchema" time="1.82"/>
  <testcase classname="api_test.DeletePet" name="deletePet" time="2.283"/>
  <testcase classname="api_test.DeletePet" name="PetNotFound" time="1.13"/>
  <testcase classname="api_test.UpdatePet" name="updatePet" time="1.131"/>
  <testcase classname="api_test.UpdatePet" name="updatePetViaFormData" time="1.18"/>
</testsuite> <!-- Petstore Tests -->
