<?xml version="1.0" encoding="UTF-8"?>
<testsuite xmlns:xsi="http://www.w3.org/2001/XMLSchema-instance" xsi:noNamespaceSchemaLocation="https://maven.apache.org/surefire/maven-surefire-plugin/xsd/surefire-test-report-3.0.xsd" version="3.0" name="TestSuite" time="14.961" tests="8" errors="0" skipped="0" failures="0">
  <properties>
[...]
</properties>
  <testcase name="add_pet" classname="api_test.CreatePet" time="3.545">
    <system-out><![CDATA[2025-01-10 18:42:33 [main] INFO  api_test.CreatePet - ************************* Petstore Swagger --[CREATEPET.JAVA]-- API TEST STARTED ************************
2025-01-10 18:42:33 [main] INFO  api_test.CreatePet - ************************* [CREATE] TEST CASE 1 STARTED ************************
2025-01-10 18:42:36 [main] INFO  api_test.CreatePet - Status Code=200 - Success
2025-01-10 18:42:36 [main] INFO  api_test.CreatePet - ************************* [CREATE] TEST CASE 1 COMPLETED ************************
]]></system-out>
    <system-err><![CDATA[SLF4J: Failed to load class "org.slf4j.impl.StaticLoggerBinder".
SLF4J: Defaulting to no-operation (NOP) logger implementation
SLF4J: See http://www.slf4j.org/codes.html#StaticLoggerBinder for further details.
]]></system-err>
  </testcase>
  <testcase name="add_pet_InvalidID" classname="api_test.CreatePet" time="1.95">
    <system-out><![CDATA[2025-01-10 18:42:36 [main] INFO  api_test.CreatePet - ************************* [CREATE] TEST CASE 2 STARTED ************************
2025-01-10 18:42:38 [main] INFO  api_test.CreatePet - Status Code=500 - something bad happened
2025-01-10 18:42:38 [main] INFO  api_test.CreatePet - ************************* [CREATE] TEST CASE 2 COMPLETED ************************
]]></system-out>
  </testcase>
  <testcase name="add_pet_InvalidPhotoURL" classname="api_test.CreatePet" time="1.154">
    <system-out><![CDATA[2025-01-10 18:42:38 [main] INFO  api_test.CreatePet - ************************* [CREATE] TEST CASE 3 STARTED ************************
2025-01-10 18:42:39 [main] INFO  api_test.CreatePet - Status Code=500 - something bad happened
2025-01-10 18:42:39 [main] INFO  api_test.CreatePet - ************************* [CREATE] TEST CASE 3 COMPLETED ************************
]]></system-out>
  </testcase>
  <testcase name="validUploadFile" classname="api_test.UploadFile" time="1.506">
    <system-out><![CDATA[2025-01-10 18:42:39 [main] INFO  api_test.UploadFile - ************************* Petstore Swagger -- [UploadFile.JAVA] -- API TEST STARTED ************************
2025-01-10 18:42:39 [main] INFO  api_test.UploadFile - ************************* [Upload File] TESTCASE 1 STARTED ************************
2025-01-10 18:42:41 [main] INFO  api_test.UploadFile - ************************* [Upload File] TESTCASE 1 COMPLETED ************************
]]></system-out>
  </testcase>
  <testcase name="find_pet_by_id_also_validate_statusCode" classname="api_test.PetTest" time="1.126">
    <system-out><![CDATA[2025-01-10 18:42:41 [main] INFO  api_test.PetTest - ************************* Petstore Swagger --[PETTEST.JAVA] -- API TEST STARTED ************************
2025-01-10 18:42:41 [main] INFO  api_test.PetTest - ************************* TESTCASE 1 STARTED ************************
HTTP/1.1 200 OK
Date: Fri, 10 Jan 2025 13:12:41 GMT
Content-Type: application/json
Transfer-Encoding: chunked
Connection: keep-alive
Access-Control-Allow-Origin: *
Access-Control-Allow-Methods: GET, POST, DELETE, PUT
Access-Control-Allow-Headers: Content-Type, api_key, Authorization
Server: Jetty(9.2.9.v20150224)

{
    "id": 10,
    "category": {
        "id": 10,
        "name": "string"
    },
    "name": "doggie",
    "photoUrls": [
        "string"
    ],
    "tags": [
        {
            "id": 10,
            "name": "string"
        }
    ],
    "status": "available"
}
2025-01-10 18:42:42 [main] INFO  api_test.PetTest - Status Code=200 - Success
2025-01-10 18:42:42 [main] INFO  api_test.PetTest - ************************* TESTCASE 1 COMPLETED ************************
]]></system-out>
  </testcase>
  <testcase name="find_pet_by_id_ando_validate_jsonResponse" classname="api_test.PetTest" time="1.317">
    <system-out><![CDATA[2025-01-10 18:42:42 [main] INFO  api_test.PetTest - ************************* TESTCASE 2 STARTED ************************
2025-01-10 18:42:43 [main] INFO  api_test.PetTest - ************************* TESTCASE 2 COMPLETED ************************
]]></system-out>
  </testcase>
  <testcase name="find_pet_by_id_and_validate_jsonSchema" classname="api_test.PetTest" time="1.412">
    <system-out><![CDATA[2025-01-10 18:42:43 [main] INFO  api_test.PetTest - ************************* TESTCASE 3 STARTED ************************
2025-01-10 18:42:45 [main] INFO  api_test.PetTest - ************************* TESTCASE 3 COMPLETED ************************
]]></system-out>
  </testcase>
  <testcase name="deletePet" classname="api_test.DeletePet" time="1.185">
    <system-out><![CDATA[2025-01-10 18:42:45 [main] INFO  api_test.DeletePet - ************************* Petstore Swagger --[DELETEPET.JAVA]-- API TEST STARTED ************************
2025-01-10 18:42:45 [main] INFO  api_test.DeletePet - ************************* [DELETE] TEST CASE 1 STARTED ************************
2025-01-10 18:42:46 [main] INFO  api_test.DeletePet - ************************* [DELETE] TEST CASE 1 COMPLETED ************************
]]></system-out>
  </testcase>
</testsuite>