<?xml version="1.0" encoding="UTF-8"?>
<testng-results ignored="0" total="8" passed="8" failed="0" skipped="0">
  <reporter-output>
  </reporter-output>
  <suite started-at="2025-01-10T18:42:33 IST" name="Petstore API Test Suite" finished-at="2025-01-10T18:42:46 IST" duration-ms="13282">
    <groups>
    </groups>
    <test started-at="2025-01-10T18:42:33 IST" name="Petstore Tests" finished-at="2025-01-10T18:42:46 IST" duration-ms="13282">
      <class name="api_test.DeletePet">
        <test-method is-config="true" signature="setup()[pri:0, instance:api_test.DeletePet@4eed46ee]" started-at="2025-01-10T18:42:45 IST" name="setup" finished-at="2025-01-10T18:42:45 IST" duration-ms="1" status="PASS">
          <reporter-output>
          </reporter-output>
        </test-method> <!-- setup -->
        <test-method signature="deletePet()[pri:1, instance:api_test.DeletePet@4eed46ee]" started-at="2025-01-10T18:42:45 IST" name="deletePet" finished-at="2025-01-10T18:42:46 IST" duration-ms="1183" status="PASS">
          <reporter-output>
          </reporter-output>
        </test-method> <!-- deletePet -->
      </class> <!-- api_test.DeletePet -->
      <class name="api_test.UploadFile">
        <test-method is-config="true" signature="setup()[pri:0, instance:api_test.UploadFile@52b56a3e]" started-at="2025-01-10T18:42:39 IST" name="setup" finished-at="2025-01-10T18:42:39 IST" duration-ms="1" status="PASS">
          <reporter-output>
          </reporter-output>
        </test-method> <!-- setup -->
        <test-method signature="validUploadFile()[pri:1, instance:api_test.UploadFile@52b56a3e]" started-at="2025-01-10T18:42:39 IST" name="validUploadFile" finished-at="2025-01-10T18:42:41 IST" duration-ms="1506" status="PASS">
          <reporter-output>
          </reporter-output>
        </test-method> <!-- validUploadFile -->
      </class> <!-- api_test.UploadFile -->
      <class name="api_test.PetTest">
        <test-method is-config="true" signature="setup()[pri:0, instance:api_test.PetTest@fd0e5b6]" started-at="2025-01-10T18:42:41 IST" name="setup" finished-at="2025-01-10T18:42:41 IST" duration-ms="1" status="PASS">
          <reporter-output>
          </reporter-output>
        </test-method> <!-- setup -->
        <test-method signature="find_pet_by_id_also_validate_statusCode()[pri:1, instance:api_test.PetTest@fd0e5b6]" started-at="2025-01-10T18:42:41 IST" name="find_pet_by_id_also_validate_statusCode" finished-at="2025-01-10T18:42:42 IST" duration-ms="1120" status="PASS">
          <reporter-output>
          </reporter-output>
        </test-method> <!-- find_pet_by_id_also_validate_statusCode -->
        <test-method signature="find_pet_by_id_ando_validate_jsonResponse()[pri:2, instance:api_test.PetTest@fd0e5b6]" started-at="2025-01-10T18:42:42 IST" name="find_pet_by_id_ando_validate_jsonResponse" finished-at="2025-01-10T18:42:43 IST" duration-ms="1320" status="PASS">
          <reporter-output>
          </reporter-output>
        </test-method> <!-- find_pet_by_id_ando_validate_jsonResponse -->
        <test-method signature="find_pet_by_id_and_validate_jsonSchema()[pri:3, instance:api_test.PetTest@fd0e5b6]" started-at="2025-01-10T18:42:43 IST" name="find_pet_by_id_and_validate_jsonSchema" finished-at="2025-01-10T18:42:45 IST" duration-ms="1408" status="PASS">
          <reporter-output>
          </reporter-output>
        </test-method> <!-- find_pet_by_id_and_validate_jsonSchema -->
      </class> <!-- api_test.PetTest -->
      <class name="api_test.CreatePet">
        <test-method is-config="true" signature="setup()[pri:0, instance:api_test.CreatePet@649725e3]" started-at="2025-01-10T18:42:33 IST" name="setup" finished-at="2025-01-10T18:42:33 IST" duration-ms="26" status="PASS">
          <reporter-output>
          </reporter-output>
        </test-method> <!-- setup -->
        <test-method signature="add_pet()[pri:1, instance:api_test.CreatePet@649725e3]" started-at="2025-01-10T18:42:33 IST" name="add_pet" finished-at="2025-01-10T18:42:36 IST" duration-ms="3483" status="PASS">
          <reporter-output>
          </reporter-output>
        </test-method> <!-- add_pet -->
        <test-method signature="add_pet_InvalidID()[pri:2, instance:api_test.CreatePet@649725e3]" started-at="2025-01-10T18:42:36 IST" name="add_pet_InvalidID" finished-at="2025-01-10T18:42:38 IST" duration-ms="1943" status="PASS">
          <reporter-output>
          </reporter-output>
        </test-method> <!-- add_pet_InvalidID -->
        <test-method signature="add_pet_InvalidPhotoURL()[pri:3, instance:api_test.CreatePet@649725e3]" started-at="2025-01-10T18:42:38 IST" name="add_pet_InvalidPhotoURL" finished-at="2025-01-10T18:42:39 IST" duration-ms="1152" status="PASS">
          <reporter-output>
          </reporter-output>
        </test-method> <!-- add_pet_InvalidPhotoURL -->
      </class> <!-- api_test.CreatePet -->
    </test> <!-- Petstore Tests -->
  </suite> <!-- Petstore API Test Suite -->
</testng-results>
