<?xml version="1.0" encoding="UTF-8"?>
<testng-results ignored="0" total="3" passed="3" failed="0" skipped="0">
  <reporter-output>
  </reporter-output>
  <suite started-at="2025-01-07T16:10:35 IST" name="API Test Suite" finished-at="2025-01-07T16:10:41 IST" duration-ms="6451">
    <groups>
    </groups>
    <test started-at="2025-01-07T16:10:35 IST" name="User API Tests" finished-at="2025-01-07T16:10:41 IST" duration-ms="6451">
      <class name="api_test.CreatePet">
        <test-method is-config="true" signature="setup()[pri:0, instance:api_test.CreatePet@42b64ab8]" started-at="2025-01-07T16:10:35 IST" name="setup" finished-at="2025-01-07T16:10:35 IST" duration-ms="25" status="PASS">
          <reporter-output>
          </reporter-output>
        </test-method> <!-- setup -->
        <test-method signature="add_pet()[pri:1, instance:api_test.CreatePet@42b64ab8]" started-at="2025-01-07T16:10:35 IST" name="add_pet" finished-at="2025-01-07T16:10:38 IST" duration-ms="3256" status="PASS">
          <reporter-output>
          </reporter-output>
        </test-method> <!-- add_pet -->
        <test-method signature="add_pet_InvalidID()[pri:2, instance:api_test.CreatePet@42b64ab8]" started-at="2025-01-07T16:10:38 IST" name="add_pet_InvalidID" finished-at="2025-01-07T16:10:40 IST" duration-ms="1863" status="PASS">
          <reporter-output>
          </reporter-output>
        </test-method> <!-- add_pet_InvalidID -->
        <test-method signature="add_pet_InvalidPhotoURL()[pri:3, instance:api_test.CreatePet@42b64ab8]" started-at="2025-01-07T16:10:40 IST" name="add_pet_InvalidPhotoURL" finished-at="2025-01-07T16:10:41 IST" duration-ms="1199" status="PASS">
          <reporter-output>
          </reporter-output>
        </test-method> <!-- add_pet_InvalidPhotoURL -->
      </class> <!-- api_test.CreatePet -->
    </test> <!-- User API Tests -->
  </suite> <!-- API Test Suite -->
</testng-results>
