<?xml version="1.0" encoding="UTF-8"?>
<!-- Generated by org.testng.reporters.JUnitXMLReporter -->
<testsuite ignored="0" hostname="DESKTOP-5JNDLAG" failures="0" tests="3" name="User API Tests" time="6.47" errors="0" timestamp="2025-01-06T16:03:31 IST">
  <testcase classname="api_test.PetTest" name="find_pet_by_id_also_validate_statusCode" time="2.798"/>
  <testcase classname="api_test.PetTest" name="find_pet_by_id_ando_validate_jsonResponse" time="2.055"/>
  <testcase classname="api_test.PetTest" name="find_pet_by_id_and_validate_jsonSchema" time="1.489"/>
</testsuite> <!-- User API Tests -->
