<?xml version="1.0" encoding="UTF-8"?>
<!-- Generated by org.testng.reporters.JUnitXMLReporter -->
<testsuite ignored="0" hostname="DESKTOP-5JNDLAG" failures="0" tests="7" name="User API Tests" time="12.28" errors="0" timestamp="2025-01-09T13:54:26 IST">
  <testcase classname="api_test.PetTest" name="find_pet_by_id_also_validate_statusCode" time="2.895"/>
  <testcase classname="api_test.CreatePet" name="add_pet" time="1.763"/>
  <testcase classname="api_test.UploadFile" name="validUploadFile" time="2.212"/>
  <testcase classname="api_test.PetTest" name="find_pet_by_id_ando_validate_jsonResponse" time="1.264"/>
  <testcase classname="api_test.CreatePet" name="add_pet_InvalidID" time="1.147"/>
  <testcase classname="api_test.PetTest" name="find_pet_by_id_and_validate_jsonSchema" time="1.746"/>
  <testcase classname="api_test.CreatePet" name="add_pet_InvalidPhotoURL" time="1.103"/>
</testsuite> <!-- User API Tests -->
